0 silly argv {
0 silly argv   _: [ 'run' ],
0 silly argv   lernaVersion: '8.1.3',
0 silly argv   '$0': 'E:\\npm\\node_modules\\lerna\\dist\\cli.js',
0 silly argv   script: 'test'
0 silly argv }
1 notice cli v8.1.3
2 verbose packageConfigs Explicit "packages" configuration found in lerna.json. Resolving packages using the configured glob(s): ["packages/*"]
3 verbose rootPath D:\fight2023-2\å¼€å‘è„šæ‰‹æ¶\wudi-cli
4 error Failed to process project graph. Run "nx reset" to fix this. Please report the issue if you keep seeing it.
4 error   The "nx/core/package-json-workspaces" plugin threw an error while creating nodes from packages/util/package.json:
4 error     Error: InvalidSymbol in D:\fight2023-2\å¼€å‘è„šæ‰‹æ¶\wudi-cli\packages\util\package.json at 20:21
4 error     [0m [90m 18 | [39m  },[0m
4 error     [0m [90m 19 | [39m  "scripts": {[0m
4 error     [0m[31m[1m>[22m[39m[90m 20 | [39m    "test": " echo "\Run testing from utils\""[0m
4 error     [0m [90m    | [39m                    [31m[1m^[22m[39m[31m[1m^[22m[39m[31m[1m^[22m[39m[31m[1m^[22m[39m[0m
4 error     [0m [90m 21 | [39m  }[0m
4 error     [0m [90m 22 | [39m}[0m
4 error     [0m [90m 23 | [39m[0m
4 error
4 error         at parseJson (D:\fight2023-2\å¼€å‘è„šæ‰‹æ¶\wudi-cli\node_modules\.pnpm\nx@19.0.3\node_modules\nx\src\utils\json.js:27:15)
4 error         at readJsonFile (D:\fight2023-2\å¼€å‘è„šæ‰‹æ¶\wudi-cli\node_modules\.pnpm\nx@19.0.3\node_modules\nx\src\utils\fileutils.js:22:37)
4 error         at createNodeFromPackageJson (D:\fight2023-2\å¼€å‘è„šæ‰‹æ¶\wudi-cli\node_modules\.pnpm\nx@19.0.3\node_modules\nx\src\plugins\package-json-workspaces\create-nodes.js:45:47)
4 error         at exports.createNodes (D:\fight2023-2\å¼€å‘è„šæ‰‹æ¶\wudi-cli\node_modules\.pnpm\nx@19.0.3\node_modules\nx\src\plugins\package-json-workspaces\create-nodes.js:21:20)
4 error         at D:\fight2023-2\å¼€å‘è„šæ‰‹æ¶\wudi-cli\node_modules\.pnpm\nx@19.0.3\node_modules\nx\src\project-graph\plugins\utils.js:49:54
4 error         at Array.map (<anonymous>)
4 error         at runCreateNodesInParallel (D:\fight2023-2\å¼€å‘è„šæ‰‹æ¶\wudi-cli\node_modules\.pnpm\nx@19.0.3\node_modules\nx\src\project-graph\plugins\utils.js:47:34)
4 error         at LoadedNxPlugin.createNodes (D:\fight2023-2\å¼€å‘è„šæ‰‹æ¶\wudi-cli\node_modules\.pnpm\nx@19.0.3\node_modules\nx\src\project-graph\plugins\internal-api.js:23:74)
4 error         at createProjectConfigurations (D:\fight2023-2\å¼€å‘è„šæ‰‹æ¶\wudi-cli\node_modules\.pnpm\nx@19.0.3\node_modules\nx\src\project-graph\utils\project-configuration-utils.js:253:17)
